<?xml version="1.0" encoding="UTF-8"?>
<!-- Generated by org.testng.reporters.JUnitReportReporter -->
<testsuite hostname="HanumeshMalagi" failures="0" tests="5" name="tests.UserTests" time="5.665" errors="0" timestamp="2025-05-13T18:05:43 IST" skipped="0">
  <testcase classname="tests.UserTests" name="getUser" time="0.242"/>
  <testcase classname="tests.UserTests" name="updateUser" time="0.663"/>
  <testcase classname="tests.UserTests" name="createUser" time="3.930"/>
  <testcase classname="tests.UserTests" name="testBaseUri" time="0.009"/>
  <testcase classname="tests.UserTests" name="deleteUser" time="0.821"/>
</testsuite> <!-- tests.UserTests -->
