<?xml version="1.0" encoding="UTF-8"?>
<!-- Generated by org.testng.reporters.JUnitReportReporter -->
<testsuite hostname="HanumeshMalagi" failures="0" tests="1" name="tests.UserTests" time="3.165" errors="0" timestamp="2025-05-09T00:16:47 IST" skipped="0">
  <testcase classname="tests.UserTests" name="getUser" time="3.165"/>
</testsuite> <!-- tests.UserTests -->
